  bash arg: -p
  bash arg: com.yicai.sijibao1
  bash arg: --throttle
  bash arg: 500
  bash arg: --ignore-timeouts
  bash arg: --ignore-crashes
  bash arg: --monitor-native-crashes
  bash arg: -v
  bash arg: -v
  bash arg: -v
  bash arg: 500
:Monkey: seed=1591074386740 count=500
:AllowPackage: com.yicai.sijibao1
:IncludeCategory: android.intent.category.LAUNCHER
:IncludeCategory: android.intent.category.MONKEY
// Selecting main activities from category android.intent.category.LAUNCHER
//   - NOT USING main activity com.android.browser.launch.SplashActivity (from package com.android.browser)
//   - NOT USING main activity com.android.calendar.homepage.AllInOneActivity (from package com.android.calendar)
//   - NOT USING main activity com.android.camera.Camera (from package com.android.camera)
//   - NOT USING main activity com.android.contacts.activities.PeopleActivity (from package com.android.contacts)
//   - NOT USING main activity com.android.contacts.activities.TwelveKeyDialer (from package com.android.contacts)
//   - NOT USING main activity com.android.deskclock.DeskClockTabActivity (from package com.android.deskclock)
//   - NOT USING main activity com.android.fileexplorer.FileExplorerTabActivity (from package com.android.fileexplorer)
//   - NOT USING main activity com.android.mms.ui.MmsTabActivity (from package com.android.mms)
//   - NOT USING main activity com.android.settings.MainSettings (from package com.android.settings)
//   - NOT USING main activity com.android.soundrecorder.SoundRecorder (from package com.android.soundrecorder)
//   - NOT USING main activity com.android.thememanager.business.startup.view.StartupActivity (from package com.android.thememanager)
//   - NOT USING main activity com.mipay.wallet.ui.MipayEntryActivity (from package com.mipay.wallet)
//   - NOT USING main activity com.miui.gallery.activity.HomePageActivity (from package com.miui.gallery)
//   - NOT USING main activity com.xiaomi.market.ui.MarketTabActivity (from package com.xiaomi.market)
//   - NOT USING main activity com.achievo.vipshop.activity.LodingActivity (from package com.achievo.vipshop)
//   - NOT USING main activity com.android.email.activity.Welcome (from package com.android.email)
//   - NOT USING main activity com.baidu.baidumaps.WelcomeScreen (from package com.baidu.BaiduMap)
//   - NOT USING main activity com.miui.calculator.cal.CalculatorActivity (from package com.miui.calculator)
//   - NOT USING main activity com.miui.notes.ui.NotesListActivity (from package com.miui.notes)
//   - NOT USING main activity com.miui.weather2.ActivityWeatherMain (from package com.miui.weather2)
//   - NOT USING main activity com.xiaomi.jr.MiFinanceActivity (from package com.xiaomi.jr)
//   - NOT USING main activity com.xiaomi.scanner.app.ScanActivity (from package com.xiaomi.scanner)
//   - NOT USING main activity com.android.providers.downloads.ui.DownloadList (from package com.android.providers.downloads.ui)
//   - NOT USING main activity com.android.stk.StkMain (from package com.android.stk)
//   - NOT USING main activity com.miui.bugreport.ui.MainTabActivity (from package com.miui.bugreport)
//   - NOT USING main activity com.miui.player.ui.MusicBrowserActivity (from package com.miui.player)
//   - NOT USING main activity com.miui.securityscan.MainActivity (from package com.miui.securitycenter)
//   - NOT USING main activity com.miui.video.HomeActivity (from package com.miui.video)
//   - NOT USING main activity com.xiaomi.voiceassistant.LauncherRouterActivity (from package com.miui.voiceassist)
//   - NOT USING main activity com.xiaomi.vipaccount.ui.home.SplashActivity (from package com.xiaomi.vipaccount)
//   - NOT USING main activity com.autonavi.map.activity.SplashActivity (from package com.autonavi.minimap)
//   - NOT USING main activity com.baidu.netdisk.ui.Navigate (from package com.baidu.netdisk)
//   - NOT USING main activity com.baidu.searchbox.SplashActivity (from package com.baidu.searchbox)
//   - NOT USING main activity com.ccb.start.MainActivity (from package com.chinamworld.main)
//   - NOT USING main activity com.xiaomi.mitv.phone.remotecontroller.HoriWidgetMainActivityV2 (from package com.duokan.phone.remotecontroller)
//   - NOT USING main activity com.duokan.reader.DkReaderActivity (from package com.duokan.reader)
//   - NOT USING main activity com.fintester.ui.SplashActivity (from package com.fintester)
//   - NOT USING main activity com.hpbr.bosszhipin.module.launcher.WelcomeActivity (from package com.hpbr.bosszhipin)
//   - NOT USING main activity com.miui.compass.CompassActivity (from package com.miui.compass)
//   - NOT USING main activity com.miui.huanji.MainActivity (from package com.miui.huanji)
//   - NOT USING main activity com.miui.screenrecorder.activity.ScreenRecorderHomeActivity (from package com.miui.screenrecorder)
//   - NOT USING main activity com.miui.virtualsim.ui.MainActivity (from package com.miui.virtualsim)
//   - NOT USING main activity com.qiyi.video.OEMActivity (from package com.qiyi.video)
//   - NOT USING main activity com.sankuai.meituan.activity.PreloadedWelcome (from package com.sankuai.meituan)
//   - NOT USING main activity com.taou.maimai.SplashActivity (from package com.taou.maimai)
//   - NOT USING main activity com.tencent.mm.ui.LauncherUI (from package com.tencent.mm)
//   - NOT USING main activity com.tencent.mobileqq.activity.SplashActivity (from package com.tencent.mobileqq)
//   - NOT USING main activity com.tmall.wireless.splash.TMSplashActivity (from package com.tmall.wireless)
//   - NOT USING main activity com.wuba.activity.launch.LaunchActivity (from package com.wuba)
//   - NOT USING main activity com.xiaomi.channel.ui.ChannelLauncherActivity (from package com.xiaomi.channel)
//   - NOT USING main activity com.xiaomi.gamecenter.ui.MainTabActivity (from package com.xiaomi.gamecenter)
//   - NOT USING main activity com.xiaomi.shop.activity.MainTabActivity (from package com.xiaomi.shop)
//   - NOT USING main activity com.xiaomi.smarthome.SmartHomeMainActivity (from package com.xiaomi.smarthome)
//   - NOT USING main activity com.xiaomi.youpin.activity.SplashActivity (from package com.xiaomi.youpin)
//   - NOT USING main activity com.ximalaya.ting.android.activity.account.WelComeActivity (from package com.ximalaya.ting.android)
//   - NOT USING main activity com.yidian.xiaomi.ui.guide.UserGuideActivity (from package com.yidian.xiaomi)
//   - NOT USING main activity com.yixia.videoeditor.ui.login.SplashActivity (from package com.yixia.videoeditor)
//   - NOT USING main activity ctrip.android.view.view.CtripDeclarationActivity (from package ctrip.android.view)
// Selecting main activities from category android.intent.category.MONKEY
//   - NOT USING main activity com.android.quicksearchbox.SearchActivity (from package com.android.quicksearchbox)
//   - NOT USING main activity com.android.settings.Settings$RunningServicesActivity (from package com.android.settings)
//   - NOT USING main activity com.android.settings.Settings$StorageUseActivity (from package com.android.settings)
//   - NOT USING main activity com.mipay.wallet.ui.MipayEntryActivity (from package com.mipay.wallet)
//   - NOT USING main activity com.miui.cloudbackup.ui.CloudBackupDetailActivity (from package com.miui.cloudbackup)
//   - NOT USING main activity com.miui.cloudservice.ui.MiCloudMainActivity (from package com.miui.cloudservice)
//   - NOT USING main activity com.miui.home.launcher.Launcher (from package com.miui.home)
//   - NOT USING main activity miui.notification.management.activity.NotificationAppListActivity (from package com.miui.notification)
//   - NOT USING main activity com.xiaomi.account.ui.AccountSettingsActivity (from package com.xiaomi.account)
//   - NOT USING main activity com.xiaomi.payment.MiliCenterEntryActivity (from package com.xiaomi.payment)
//   - NOT USING main activity com.xiaomi.drivemode.UserGuideActivity (from package com.xiaomi.drivemode)
//   - NOT USING main activity com.miui.micloudsync.MonkeyActivity (from package com.miui.micloudsync)
//   - NOT USING main activity com.miui.personalassistant.ui.CardSettingsActivity (from package com.miui.personalassistant)
//   - NOT USING main activity com.xiaomi.vipaccount.ui.monkeyentry.MonkeyActivity (from package com.xiaomi.vipaccount)
//   - NOT USING main activity com.miui.virtualsim.monkeyentry.MonkeyActivity (from package com.miui.virtualsim)
//   - NOT USING main activity com.xiaomi.drivemode.DriveModeSettingsActivity (from package com.xiaomi.drivemode)
//   - NOT USING main activity com.xiaomi.drivemode.DriveModeAnimActivity (from package com.xiaomi.drivemode)
//   - NOT USING main activity com.xiaomi.drivemode.MiuiLabDriveModeActivity (from package com.xiaomi.drivemode)
** No activities found to run, monkey aborted.
